[debug] [2020-07-19T15:46:31.429Z] ----------------------------------------------------------------------
[debug] [2020-07-19T15:46:31.433Z] Command:       C:\Program Files\nodejs\node.exe C:\Users\WIN 7\AppData\Roaming\npm\node_modules\firebase-tools\lib\bin\firebase.js deploy
[debug] [2020-07-19T15:46:31.433Z] CLI Version:   8.5.0
[debug] [2020-07-19T15:46:31.433Z] Platform:      win32
[debug] [2020-07-19T15:46:31.434Z] Node Version:  v12.18.2
[debug] [2020-07-19T15:46:31.489Z] Time:          Sun Jul 19 2020 21:16:31 GMT+0530 (India Standard Time)
[debug] [2020-07-19T15:46:31.490Z] ----------------------------------------------------------------------
[debug] [2020-07-19T15:46:31.490Z] 
[debug] [2020-07-19T15:46:31.625Z] > command requires scopes: ["email","openid","https://www.googleapis.com/auth/cloudplatformprojects.readonly","https://www.googleapis.com/auth/firebase","https://www.googleapis.com/auth/cloud-platform"]
[debug] [2020-07-19T15:46:31.626Z] > authorizing via signed-in user
[debug] [2020-07-19T15:46:31.626Z] [iam] checking project cottonqna for permissions ["firebase.projects.get","firebasehosting.sites.update"]
[debug] [2020-07-19T15:46:31.673Z] > refreshing access token with scopes: ["email","https://www.googleapis.com/auth/cloud-platform","https://www.googleapis.com/auth/cloudplatformprojects.readonly","https://www.googleapis.com/auth/firebase","openid"]
[debug] [2020-07-19T15:46:31.673Z] >>> HTTP REQUEST POST https://www.googleapis.com/oauth2/v3/token  
 <request body omitted>
[debug] [2020-07-19T15:46:49.081Z] <<< HTTP RESPONSE 200 {"content-type":"application/json; charset=utf-8","vary":"X-Origin, Referer, Origin,Accept-Encoding","date":"Sun, 19 Jul 2020 15:46:51 GMT","server":"scaffolding on HTTPServer2","cache-control":"private","x-xss-protection":"0","x-frame-options":"SAMEORIGIN","x-content-type-options":"nosniff","alt-svc":"h3-29=\":443\"; ma=2592000,h3-27=\":443\"; ma=2592000,h3-25=\":443\"; ma=2592000,h3-T050=\":443\"; ma=2592000,h3-Q050=\":443\"; ma=2592000,h3-Q046=\":443\"; ma=2592000,h3-Q043=\":443\"; ma=2592000,quic=\":443\"; ma=2592000; v=\"46,43\"","accept-ranges":"none","transfer-encoding":"chunked"}
[debug] [2020-07-19T15:46:49.146Z] >>> HTTP REQUEST POST https://cloudresourcemanager.googleapis.com/v1/projects/cottonqna:testIamPermissions  
 {"permissions":["firebase.projects.get","firebasehosting.sites.update"]}
[debug] [2020-07-19T15:46:59.679Z] <<< HTTP RESPONSE 200 {"content-type":"application/json; charset=UTF-8","vary":"X-Origin, Referer, Origin,Accept-Encoding","date":"Sun, 19 Jul 2020 15:47:01 GMT","server":"ESF","cache-control":"private","x-xss-protection":"0","x-frame-options":"SAMEORIGIN","x-content-type-options":"nosniff","server-timing":"gfet4t7; dur=1362","alt-svc":"h3-29=\":443\"; ma=2592000,h3-27=\":443\"; ma=2592000,h3-25=\":443\"; ma=2592000,h3-T050=\":443\"; ma=2592000,h3-Q050=\":443\"; ma=2592000,h3-Q046=\":443\"; ma=2592000,h3-Q043=\":443\"; ma=2592000,quic=\":443\"; ma=2592000; v=\"46,43\"","accept-ranges":"none","transfer-encoding":"chunked"}
[debug] [2020-07-19T15:46:59.685Z] >>> HTTP REQUEST GET https://firebase.googleapis.com/v1beta1/projects/cottonqna  
 
[debug] [2020-07-19T15:47:08.724Z] <<< HTTP RESPONSE 200 {"content-type":"application/json; charset=UTF-8","vary":"X-Origin, Referer, Origin,Accept-Encoding","date":"Sun, 19 Jul 2020 15:47:11 GMT","server":"ESF","cache-control":"private","x-xss-protection":"0","x-frame-options":"SAMEORIGIN","x-content-type-options":"nosniff","alt-svc":"h3-29=\":443\"; ma=2592000,h3-27=\":443\"; ma=2592000,h3-25=\":443\"; ma=2592000,h3-T050=\":443\"; ma=2592000,h3-Q050=\":443\"; ma=2592000,h3-Q046=\":443\"; ma=2592000,h3-Q043=\":443\"; ma=2592000,quic=\":443\"; ma=2592000; v=\"46,43\"","accept-ranges":"none","transfer-encoding":"chunked"}
[info] 
[info] === Deploying to 'cottonqna'...
[info] 
[info] i  deploying hosting 
[debug] [2020-07-19T15:47:08.746Z] >>> HTTP REQUEST POST https://firebasehosting.googleapis.com/v1beta1/sites/cottonqna/versions  
 {"config":{"rewrites":[{"glob":"**","path":"/index.html"}]},"labels":{"deployment-tool":"cli-firebase"}}
[debug] [2020-07-19T15:47:13.200Z] <<< HTTP RESPONSE 200 {"content-type":"application/json; charset=UTF-8","vary":"X-Origin, Referer, Origin,Accept-Encoding","date":"Sun, 19 Jul 2020 15:47:15 GMT","server":"ESF","cache-control":"private","x-xss-protection":"0","x-frame-options":"SAMEORIGIN","x-content-type-options":"nosniff","alt-svc":"h3-29=\":443\"; ma=2592000,h3-27=\":443\"; ma=2592000,h3-25=\":443\"; ma=2592000,h3-T050=\":443\"; ma=2592000,h3-Q050=\":443\"; ma=2592000,h3-Q046=\":443\"; ma=2592000,h3-Q043=\":443\"; ma=2592000,quic=\":443\"; ma=2592000; v=\"46,43\"","accept-ranges":"none","transfer-encoding":"chunked"}
[info] i  hosting[cottonqna]: beginning deploy... 
[info] i  hosting[cottonqna]: found 17 files in build 
[debug] [2020-07-19T15:47:13.366Z] [hosting] hash cache [YnVpbGQ] stored for 17 files
[debug] [2020-07-19T15:47:13.369Z] [hosting][hash queue][FINAL] {"max":7,"min":1,"avg":1,"active":0,"complete":17,"success":17,"errored":0,"retried":0,"total":17,"elapsed":29}
[debug] [2020-07-19T15:47:13.372Z] >>> HTTP REQUEST POST https://firebasehosting.googleapis.com/v1beta1/sites/cottonqna/versions/ec6c4646a0cc24aa:populateFiles  
 <request body omitted>
